<?xml version="1.0" encoding="UTF-8"?>
<testng-results skipped="0" failed="0" total="1" passed="1">
  <reporter-output>
  </reporter-output>
  <suite name="Default suite" duration-ms="207961" started-at="2015-05-18T17:05:32Z" finished-at="2015-05-18T17:09:00Z">
    <groups>
    </groups>
    <test name="Default test" duration-ms="207961" started-at="2015-05-18T17:05:32Z" finished-at="2015-05-18T17:09:00Z">
      <class name="com.Demo.Automation.TestCases.TestCase1">
        <test-method status="PASS" signature="DownloadFile_Emulator_NativeBrowser()[pri:0, instance:com.Demo.Automation.TestCases.TestCase1@3dbd56d0]" name="DownloadFile_Emulator_NativeBrowser" duration-ms="207948" started-at="2015-05-18T13:05:32Z" finished-at="2015-05-18T13:09:00Z">
          <reporter-output>
          </reporter-output>
        </test-method> <!-- DownloadFile_Emulator_NativeBrowser -->
      </class> <!-- com.Demo.Automation.TestCases.TestCase1 -->
    </test> <!-- Default test -->
  </suite> <!-- Default suite -->
</testng-results>
